<?xml version="1.0" encoding="UTF-8"?>
<!-- Generated by org.testng.reporters.JUnitReportReporter -->
<testsuite skipped="0" hostname="LAPTOP-4FQ3MEJQ" name="Com.LoginTest.Test_001" tests="2" failures="0" timestamp="2022-07-11T20:31:35 IST" time="18.540" errors="0">
  <testcase name="verifyLoginpage" time="6.100" classname="Com.LoginTest.Test_001"/>
  <system-out/>
  <testcase name="verifyLoginpage" time="12.440" classname="Com.LoginTest.Test_001"/>
  <system-out/>
</testsuite> <!-- Com.LoginTest.Test_001 -->
